<?xml version="1.0" encoding="UTF-8"?>
<testsuite xmlns:xsi="http://www.w3.org/2001/XMLSchema-instance" xsi:noNamespaceSchemaLocation="https://maven.apache.org/surefire/maven-surefire-plugin/xsd/surefire-test-report.xsd" name="com.construccion.proyecto.AppTest" time="0.081" tests="1" errors="0" skipped="0" failures="0">
  <properties>
    <property name="java.specification.version" value="17"/>
    <property name="sun.cpu.isalist" value="amd64"/>
    <property name="sun.jnu.encoding" value="Cp1252"/>
    <property name="java.class.path" value="C:\Users\ianka\Documents\VSCode\Java\ProyectoConstruccionMaven\sistema_hotelero\target\test-classes;C:\Users\ianka\Documents\VSCode\Java\ProyectoConstruccionMaven\sistema_hotelero\target\classes;C:\Users\ianka\.m2\repository\junit\junit\4.11\junit-4.11.jar;C:\Users\ianka\.m2\repository\org\hamcrest\hamcrest-core\1.3\hamcrest-core-1.3.jar;C:\Users\ianka\.m2\repository\org\openjfx\javafx-controls\21.0.5\javafx-controls-21.0.5.jar;C:\Users\ianka\.m2\repository\org\openjfx\javafx-controls\21.0.5\javafx-controls-21.0.5-win.jar;C:\Users\ianka\.m2\repository\org\openjfx\javafx-graphics\21.0.5\javafx-graphics-21.0.5.jar;C:\Users\ianka\.m2\repository\org\openjfx\javafx-fxml\21.0.5\javafx-fxml-21.0.5.jar;C:\Users\ianka\.m2\repository\org\openjfx\javafx-fxml\21.0.5\javafx-fxml-21.0.5-win.jar;C:\Users\ianka\.m2\repository\org\openjfx\javafx-graphics\21.0.5\javafx-graphics-21.0.5-win.jar;C:\Users\ianka\.m2\repository\org\openjfx\javafx-base\21.0.5\javafx-base-21.0.5.jar;C:\Users\ianka\.m2\repository\org\openjfx\javafx-base\21.0.5\javafx-base-21.0.5-win.jar;C:\Users\ianka\.m2\repository\com\mysql\mysql-connector-j\9.1.0\mysql-connector-j-9.1.0.jar;C:\Users\ianka\.m2\repository\com\google\protobuf\protobuf-java\4.26.1\protobuf-java-4.26.1.jar;"/>
    <property name="java.vm.vendor" value="Eclipse Adoptium"/>
    <property name="sun.arch.data.model" value="64"/>
    <property name="user.variant" value=""/>
    <property name="java.vendor.url" value="https://adoptium.net/"/>
    <property name="user.timezone" value="America/Mexico_City"/>
    <property name="os.name" value="Windows 11"/>
    <property name="java.vm.specification.version" value="17"/>
    <property name="sun.java.launcher" value="SUN_STANDARD"/>
    <property name="user.country" value="MX"/>
    <property name="sun.boot.library.path" value="C:\Program Files\Eclipse Adoptium\jdk-17.0.12.7-hotspot\bin"/>
    <property name="sun.java.command" value="C:\Users\ianka\AppData\Local\Temp\surefire5392258293620124834\surefirebooter11756014790850031832.jar C:\Users\ianka\AppData\Local\Temp\surefire5392258293620124834 2024-12-01T23-58-45_220-jvmRun1 surefire11827710274192265195tmp surefire_015502146662075242155tmp"/>
    <property name="jdk.debug" value="release"/>
    <property name="surefire.test.class.path" value="C:\Users\ianka\Documents\VSCode\Java\ProyectoConstruccionMaven\sistema_hotelero\target\test-classes;C:\Users\ianka\Documents\VSCode\Java\ProyectoConstruccionMaven\sistema_hotelero\target\classes;C:\Users\ianka\.m2\repository\junit\junit\4.11\junit-4.11.jar;C:\Users\ianka\.m2\repository\org\hamcrest\hamcrest-core\1.3\hamcrest-core-1.3.jar;C:\Users\ianka\.m2\repository\org\openjfx\javafx-controls\21.0.5\javafx-controls-21.0.5.jar;C:\Users\ianka\.m2\repository\org\openjfx\javafx-controls\21.0.5\javafx-controls-21.0.5-win.jar;C:\Users\ianka\.m2\repository\org\openjfx\javafx-graphics\21.0.5\javafx-graphics-21.0.5.jar;C:\Users\ianka\.m2\repository\org\openjfx\javafx-fxml\21.0.5\javafx-fxml-21.0.5.jar;C:\Users\ianka\.m2\repository\org\openjfx\javafx-fxml\21.0.5\javafx-fxml-21.0.5-win.jar;C:\Users\ianka\.m2\repository\org\openjfx\javafx-graphics\21.0.5\javafx-graphics-21.0.5-win.jar;C:\Users\ianka\.m2\repository\org\openjfx\javafx-base\21.0.5\javafx-base-21.0.5.jar;C:\Users\ianka\.m2\repository\org\openjfx\javafx-base\21.0.5\javafx-base-21.0.5-win.jar;C:\Users\ianka\.m2\repository\com\mysql\mysql-connector-j\9.1.0\mysql-connector-j-9.1.0.jar;C:\Users\ianka\.m2\repository\com\google\protobuf\protobuf-java\4.26.1\protobuf-java-4.26.1.jar;"/>
    <property name="sun.cpu.endian" value="little"/>
    <property name="user.home" value="C:\Users\ianka"/>
    <property name="user.language" value="es"/>
    <property name="java.specification.vendor" value="Oracle Corporation"/>
    <property name="java.version.date" value="2024-07-16"/>
    <property name="java.home" value="C:\Program Files\Eclipse Adoptium\jdk-17.0.12.7-hotspot"/>
    <property name="file.separator" value="\"/>
    <property name="basedir" value="C:\Users\ianka\Documents\VSCode\Java\ProyectoConstruccionMaven\sistema_hotelero"/>
    <property name="java.vm.compressedOopsMode" value="Zero based"/>
    <property name="line.separator" value="&#10;"/>
    <property name="java.vm.specification.vendor" value="Oracle Corporation"/>
    <property name="java.specification.name" value="Java Platform API Specification"/>
    <property name="surefire.real.class.path" value="C:\Users\ianka\AppData\Local\Temp\surefire5392258293620124834\surefirebooter11756014790850031832.jar"/>
    <property name="user.script" value=""/>
    <property name="sun.management.compiler" value="HotSpot 64-Bit Tiered Compilers"/>
    <property name="java.runtime.version" value="17.0.12+7"/>
    <property name="user.name" value="ianka"/>
    <property name="path.separator" value=";"/>
    <property name="os.version" value="10.0"/>
    <property name="java.runtime.name" value="OpenJDK Runtime Environment"/>
    <property name="file.encoding" value="Cp1252"/>
    <property name="java.vm.name" value="OpenJDK 64-Bit Server VM"/>
    <property name="java.vendor.version" value="Temurin-17.0.12+7"/>
    <property name="localRepository" value="C:\Users\ianka\.m2\repository"/>
    <property name="java.vendor.url.bug" value="https://github.com/adoptium/adoptium-support/issues"/>
    <property name="java.io.tmpdir" value="C:\Users\ianka\AppData\Local\Temp\"/>
    <property name="java.version" value="17.0.12"/>
    <property name="user.dir" value="C:\Users\ianka\Documents\VSCode\Java\ProyectoConstruccionMaven\sistema_hotelero"/>
    <property name="os.arch" value="amd64"/>
    <property name="java.vm.specification.name" value="Java Virtual Machine Specification"/>
    <property name="sun.os.patch.level" value=""/>
    <property name="native.encoding" value="Cp1252"/>
    <property name="java.library.path" value="C:\Program Files\Eclipse Adoptium\jdk-17.0.12.7-hotspot\bin;C:\WINDOWS\Sun\Java\bin;C:\WINDOWS\system32;C:\WINDOWS;C:\Program Files\Eclipse Adoptium\jdk-17.0.12.7-hotspot\bin;C:\Program Files\OpenLogic\jdk-11.0.24.8-hotspot\bin;C:\Program Files\Common Files\Oracle\Java\javapath;C:\Program Files (x86)\Common Files\Oracle\Java\java8path;C:\Program Files (x86)\Common Files\Oracle\Java\javapath;C:\Program Files (x86)\NVIDIA Corporation\PhysX\Common;C:\WINDOWS\system32;C:\WINDOWS;C:\WINDOWS\System32\Wbem;C:\WINDOWS\System32\WindowsPowerShell\v1.0\;C:\WINDOWS\System32\OpenSSH\;C:\Program Files\dotnet\;C:\MinGW\bin;C:\Program Files\Java\jdk-20\bin;C:\Program Files\nodejs\;C:\ProgramData\chocolatey\bin;C:\Program Files (x86)\WiX Toolset v3.11\bin;C:\Program Files\Git\cmd;C:\maven\apache-maven-3.9.9\bin;C:\Program Files\php-8.4.1-Win32-vs17-x64;C:\Users\ianka\AppData\Local\Programs\Python\Python312\Scripts\;C:\Users\ianka\AppData\Local\Programs\Python\Python312\;C:\Users\ianka\AppData\Local\Microsoft\WindowsApps;C:\Program Files\nodejs\;C:\Users\ianka;C:\MinGW\bin;C:\Program Files\JetBrains\IntelliJ IDEA 2023.2\bin;;C:\ffmpeg\bin\;C:\Users\ianka\AppData\Roaming\npm;C:\Users\ianka\AppData\Local\Programs\Microsoft VS Code\bin;C:\Users\ianka\Documents\sonarqube-10.7.0.96327\sonar-scanner-6.2.1.4610-windows-x64\bin;;."/>
    <property name="java.vm.info" value="mixed mode, sharing"/>
    <property name="java.vendor" value="Eclipse Adoptium"/>
    <property name="java.vm.version" value="17.0.12+7"/>
    <property name="sun.io.unicode.encoding" value="UnicodeLittle"/>
    <property name="java.class.version" value="61.0"/>
  </properties>
  <testcase name="shouldAnswerWithTrue" classname="com.construccion.proyecto.AppTest" time="0.003"/>
</testsuite>