<?xml version="1.0" encoding="UTF-8"?>
<testsuite xmlns:xsi="http://www.w3.org/2001/XMLSchema-instance" xsi:noNamespaceSchemaLocation="https://maven.apache.org/surefire/maven-surefire-plugin/xsd/surefire-test-report.xsd" name="com.construccion.proyecto.DaoReservasTest" time="0.86" tests="6" errors="0" skipped="0" failures="6">
  <properties>
    <property name="java.specification.version" value="22"/>
    <property name="sun.cpu.isalist" value="amd64"/>
    <property name="sun.jnu.encoding" value="Cp1252"/>
    <property name="java.class.path" value="C:\Users\Alexp\Downloads\asefsd\ProyectoConstruccion\sistema_hotelero\target\test-classes;C:\Users\Alexp\Downloads\asefsd\ProyectoConstruccion\sistema_hotelero\target\classes;C:\Users\Alexp\.m2\repository\junit\junit\4.11\junit-4.11.jar;C:\Users\Alexp\.m2\repository\org\hamcrest\hamcrest-core\1.3\hamcrest-core-1.3.jar;C:\Users\Alexp\.m2\repository\org\openjfx\javafx-controls\21.0.5\javafx-controls-21.0.5.jar;C:\Users\Alexp\.m2\repository\org\openjfx\javafx-controls\21.0.5\javafx-controls-21.0.5-win.jar;C:\Users\Alexp\.m2\repository\org\openjfx\javafx-graphics\21.0.5\javafx-graphics-21.0.5.jar;C:\Users\Alexp\.m2\repository\org\openjfx\javafx-fxml\21.0.5\javafx-fxml-21.0.5.jar;C:\Users\Alexp\.m2\repository\org\openjfx\javafx-fxml\21.0.5\javafx-fxml-21.0.5-win.jar;C:\Users\Alexp\.m2\repository\org\openjfx\javafx-graphics\21.0.5\javafx-graphics-21.0.5-win.jar;C:\Users\Alexp\.m2\repository\org\openjfx\javafx-base\21.0.5\javafx-base-21.0.5.jar;C:\Users\Alexp\.m2\repository\org\openjfx\javafx-base\21.0.5\javafx-base-21.0.5-win.jar;C:\Users\Alexp\.m2\repository\com\mysql\mysql-connector-j\9.1.0\mysql-connector-j-9.1.0.jar;C:\Users\Alexp\.m2\repository\com\google\protobuf\protobuf-java\4.26.1\protobuf-java-4.26.1.jar;"/>
    <property name="java.vm.vendor" value="Oracle Corporation"/>
    <property name="sun.arch.data.model" value="64"/>
    <property name="user.variant" value=""/>
    <property name="java.vendor.url" value="https://java.oracle.com/"/>
    <property name="user.timezone" value="America/Mexico_City"/>
    <property name="os.name" value="Windows 11"/>
    <property name="java.vm.specification.version" value="22"/>
    <property name="user.country" value="MX"/>
    <property name="sun.java.launcher" value="SUN_STANDARD"/>
    <property name="sun.boot.library.path" value="C:\Users\Alexp\Downloads\Oracle_JDK-22\bin"/>
    <property name="sun.java.command" value="C:\Users\Alexp\AppData\Local\Temp\surefire17164723808089960648\surefirebooter7074701572846112011.jar C:\Users\Alexp\AppData\Local\Temp\surefire17164723808089960648 2024-12-04T12-31-22_580-jvmRun1 surefire13971690560587538884tmp surefire_03564453914692592935tmp"/>
    <property name="jdk.debug" value="release"/>
    <property name="test" value="com.construccion.proyecto.DaoReservasTest"/>
    <property name="surefire.test.class.path" value="C:\Users\Alexp\Downloads\asefsd\ProyectoConstruccion\sistema_hotelero\target\test-classes;C:\Users\Alexp\Downloads\asefsd\ProyectoConstruccion\sistema_hotelero\target\classes;C:\Users\Alexp\.m2\repository\junit\junit\4.11\junit-4.11.jar;C:\Users\Alexp\.m2\repository\org\hamcrest\hamcrest-core\1.3\hamcrest-core-1.3.jar;C:\Users\Alexp\.m2\repository\org\openjfx\javafx-controls\21.0.5\javafx-controls-21.0.5.jar;C:\Users\Alexp\.m2\repository\org\openjfx\javafx-controls\21.0.5\javafx-controls-21.0.5-win.jar;C:\Users\Alexp\.m2\repository\org\openjfx\javafx-graphics\21.0.5\javafx-graphics-21.0.5.jar;C:\Users\Alexp\.m2\repository\org\openjfx\javafx-fxml\21.0.5\javafx-fxml-21.0.5.jar;C:\Users\Alexp\.m2\repository\org\openjfx\javafx-fxml\21.0.5\javafx-fxml-21.0.5-win.jar;C:\Users\Alexp\.m2\repository\org\openjfx\javafx-graphics\21.0.5\javafx-graphics-21.0.5-win.jar;C:\Users\Alexp\.m2\repository\org\openjfx\javafx-base\21.0.5\javafx-base-21.0.5.jar;C:\Users\Alexp\.m2\repository\org\openjfx\javafx-base\21.0.5\javafx-base-21.0.5-win.jar;C:\Users\Alexp\.m2\repository\com\mysql\mysql-connector-j\9.1.0\mysql-connector-j-9.1.0.jar;C:\Users\Alexp\.m2\repository\com\google\protobuf\protobuf-java\4.26.1\protobuf-java-4.26.1.jar;"/>
    <property name="sun.cpu.endian" value="little"/>
    <property name="user.home" value="C:\Users\Alexp"/>
    <property name="user.language" value="es"/>
    <property name="java.specification.vendor" value="Oracle Corporation"/>
    <property name="java.version.date" value="2024-07-16"/>
    <property name="java.home" value="C:\Users\Alexp\Downloads\Oracle_JDK-22"/>
    <property name="file.separator" value="\"/>
    <property name="basedir" value="C:\Users\Alexp\Downloads\asefsd\ProyectoConstruccion\sistema_hotelero"/>
    <property name="java.vm.compressedOopsMode" value="Zero based"/>
    <property name="line.separator" value="&#10;"/>
    <property name="java.vm.specification.vendor" value="Oracle Corporation"/>
    <property name="java.specification.name" value="Java Platform API Specification"/>
    <property name="surefire.real.class.path" value="C:\Users\Alexp\AppData\Local\Temp\surefire17164723808089960648\surefirebooter7074701572846112011.jar"/>
    <property name="user.script" value=""/>
    <property name="sun.management.compiler" value="HotSpot 64-Bit Tiered Compilers"/>
    <property name="java.runtime.version" value="22.0.2+9-70"/>
    <property name="user.name" value="Alexp"/>
    <property name="stdout.encoding" value="Cp1252"/>
    <property name="path.separator" value=";"/>
    <property name="os.version" value="10.0"/>
    <property name="java.runtime.name" value="Java(TM) SE Runtime Environment"/>
    <property name="file.encoding" value="UTF-8"/>
    <property name="java.vm.name" value="Java HotSpot(TM) 64-Bit Server VM"/>
    <property name="maven.ext.class.path" value="C:\Users\Alexp\.vscode\extensions\oracle.oracle-java-23.0.1\nbcode\java\maven-nblib\netbeans-eventspy.jar"/>
    <property name="localRepository" value="C:\Users\Alexp\.m2\repository"/>
    <property name="java.vendor.url.bug" value="https://bugreport.java.com/bugreport/"/>
    <property name="java.io.tmpdir" value="C:\Users\Alexp\AppData\Local\Temp\"/>
    <property name="java.version" value="22.0.2"/>
    <property name="user.dir" value="C:\Users\Alexp\Downloads\asefsd\ProyectoConstruccion\sistema_hotelero"/>
    <property name="os.arch" value="amd64"/>
    <property name="java.vm.specification.name" value="Java Virtual Machine Specification"/>
    <property name="sun.os.patch.level" value=""/>
    <property name="native.encoding" value="Cp1252"/>
    <property name="java.library.path" value="C:\Users\Alexp\Downloads\Oracle_JDK-22\bin;C:\WINDOWS\Sun\Java\bin;C:\WINDOWS\system32;C:\WINDOWS;C:\Program Files\Eclipse Adoptium\jdk-17.0.13.11-hotspot\bin;C:\Program Files\Common Files\Oracle\Java\javapath;C:\Program Files (x86)\Common Files\Oracle\Java\java8path;C:\Program Files (x86)\Common Files\Oracle\Java\javapath;C:\Program Files (x86)\Razer\ChromaBroadcast\bin;C:\Program Files\Razer\ChromaBroadcast\bin;C:\Windows\system32;C:\Windows;C:\Windows\System32\Wbem;C:\Windows\System32\WindowsPowerShell\v1.0\;C:\Windows\System32\OpenSSH\;C:\Program Files (x86)\NVIDIA Corporation\PhysX\Common;C:\Program Files\NVIDIA Corporation\NVIDIA NvDLISR;C:\WINDOWS\system32;C:\WINDOWS;C:\WINDOWS\System32\Wbem;C:\WINDOWS\System32\WindowsPowerShell\v1.0\;C:\WINDOWS\System32\OpenSSH\;C:\Users\Alexp\AppData\Local\Programs\Python\Launcher\;C:\Users\Alexp\AppData\Local\Programs\Eclipse Adoptium\jdk-17.0.9.9-hotspot\bin;C:\Users\Alexp\AppData\Local\Microsoft\WindowsApps;C:\Users\Alexp\AppData\Local\Programs\Microsoft VS Code\bin;C:\Program Files\dotnet\;C:\Program Files\Git\cmd;C:\Program Files\php-8.4.1-Win32-vs17-x64;%MAVEN_HOME%\bin;C:\Program Files\Java\jdk-17\bin;C:\Program Files\Eclipse Adoptium\jdk-17.0.13.11-hotspot\bin;C:\Program Files\Common Files\Oracle\Java\javapath;C:\Program Files (x86)\Razer\ChromaBroadcast\bin;C:\Program Files\Razer\ChromaBroadcast\bin;C:\Windows\system32;C:\Windows;C:\Windows\System32\Wbem;C:\Windows\System32\WindowsPowerShell\v1.0\;C:\Windows\System32\OpenSSH\;C:\Program Files (x86)\NVIDIA Corporation\PhysX\Common;C:\Program Files\NVIDIA Corporation\NVIDIA NvDLISR;C:\WINDOWS\system32;C:\WINDOWS;C:\WINDOWS\System32\Wbem;C:\WINDOWS\System32\WindowsPowerShell\v1.0\;C:\WINDOWS\System32\OpenSSH\;C:\Users\Alexp\AppData\Local\Programs\Python\Launcher\;C:\Users\Alexp\AppData\Local\Programs\Eclipse Adoptium\jdk-17.0.9.9-hotspot\bin;C:\Users\Alexp\AppData\Local\Microsoft\WindowsApps;C:\Users\Alexp\AppData\Local\Programs\Microsoft VS Code\bin;C:\Program Files\dotnet\;C:\Program Files\Git\cmd;C:\Users\Alexp\AppData\Local\Programs\Python\Launcher\;C:\Users\Alexp\AppData\Local\Microsoft\WindowsApps;C:\Users\Alexp\Downloads\sonar-scanner-cli-6.2.1.4610-windows-x64\sonar-scanner-6.2.1.4610-windows-x64\bin;;."/>
    <property name="java.vm.info" value="mixed mode, sharing"/>
    <property name="stderr.encoding" value="Cp1252"/>
    <property name="java.vendor" value="Oracle Corporation"/>
    <property name="java.vm.version" value="22.0.2+9-70"/>
    <property name="sun.io.unicode.encoding" value="UnicodeLittle"/>
    <property name="java.class.version" value="66.0"/>
  </properties>
  <testcase name="testEliminarReservacion" classname="com.construccion.proyecto.DaoReservasTest" time="0.719">
    <failure message="La reservación debería haberse eliminado" type="java.lang.AssertionError">java.lang.AssertionError: La reservación debería haberse eliminado
	at com.construccion.proyecto.DaoReservasTest.testEliminarReservacion(DaoReservasTest.java:54)
</failure>
  </testcase>
  <testcase name="testObtenerFechasOcupadasPorHabitacion" classname="com.construccion.proyecto.DaoReservasTest" time="0.025">
    <failure message="El mapa debería contener la habitación de la reservación" type="java.lang.AssertionError">java.lang.AssertionError: El mapa debería contener la habitación de la reservación
	at com.construccion.proyecto.DaoReservasTest.testObtenerFechasOcupadasPorHabitacion(DaoReservasTest.java:89)
</failure>
  </testcase>
  <testcase name="testBuscarReservacion" classname="com.construccion.proyecto.DaoReservasTest" time="0.019">
    <failure message="La reservación buscada debería existir" type="java.lang.AssertionError">java.lang.AssertionError: La reservación buscada debería existir
	at com.construccion.proyecto.DaoReservasTest.testBuscarReservacion(DaoReservasTest.java:101)
</failure>
  </testcase>
  <testcase name="testObtenerReservaciones" classname="com.construccion.proyecto.DaoReservasTest" time="0.019">
    <failure message="La reservación debería estar en la lista" type="java.lang.AssertionError">java.lang.AssertionError: La reservación debería estar en la lista
	at com.construccion.proyecto.DaoReservasTest.testObtenerReservaciones(DaoReservasTest.java:80)
</failure>
  </testcase>
  <testcase name="testAgregarReservacion" classname="com.construccion.proyecto.DaoReservasTest" time="0.014">
    <failure message="La reservación debería haberse agregado" type="java.lang.AssertionError">java.lang.AssertionError: La reservación debería haberse agregado
	at com.construccion.proyecto.DaoReservasTest.testAgregarReservacion(DaoReservasTest.java:43)
</failure>
  </testcase>
  <testcase name="testModificarReservacion" classname="com.construccion.proyecto.DaoReservasTest" time="0.022">
    <failure message="La reservación modificada debería existir" type="java.lang.AssertionError">java.lang.AssertionError: La reservación modificada debería existir
	at com.construccion.proyecto.DaoReservasTest.testModificarReservacion(DaoReservasTest.java:67)
</failure>
    <system-out><![CDATA[No se encontró ninguna reservación con el ID especificado.
]]></system-out>
  </testcase>
</testsuite>